

Version:	3.12
CmdLine:	C:\Users\Windows\Desktop\instaCheck\instaCheck.exe --l4j-debug
WOW64:		yes
Working dir:	C:\Users\Windows\Desktop\instaCheck\.
Java min ver:	1.008.000
Java max ver:	
64-bit search:	SOFTWARE\JavaSoft\Java Runtime Environment...
Check:		SOFTWARE\JavaSoft\Java Runtime Environment\1.6
Ignore:		1.006.000
Check:		SOFTWARE\JavaSoft\Java Runtime Environment\1.6.0_45
Ignore:		1.006.000_045
Check:		SOFTWARE\JavaSoft\Java Runtime Environment\1.8
Check launcher:	C:\Program Files\Java\jdk1.8.0_202\Nouveau dossier\bin\javaw.exe (not found)
Ignore:		1.008.000
Check:		SOFTWARE\JavaSoft\Java Runtime Environment\1.8.0_171
Check launcher:	C:\Program Files\Java\jre1.8.0_171\bin\javaw.exe (OK)
Match:		1.008.000_171
Check:		SOFTWARE\JavaSoft\Java Runtime Environment\1.8.0_202
Check launcher:	C:\Program Files\Java\jdk1.8.0_202\Nouveau dossier\bin\javaw.exe (not found)
Ignore:		1.008.000_202
64-bit search:	SOFTWARE\JavaSoft\Java Development Kit...
Check:		SOFTWARE\JavaSoft\Java Development Kit\1.6
Ignore:		1.006.000
Check:		SOFTWARE\JavaSoft\Java Development Kit\1.6.0_45
Ignore:		1.006.000_045
Check:		SOFTWARE\JavaSoft\Java Development Kit\1.8
Ignore:		1.008.000
Check:		SOFTWARE\JavaSoft\Java Development Kit\1.8.0_171
Ignore:		1.008.000_171
Check:		SOFTWARE\JavaSoft\Java Development Kit\1.8.0_202
Check launcher:	C:\Program Files\Java\jdk1.8.0_202\bin\javaw.exe (OK)
Match:		1.008.000_202
64-bit search:	SOFTWARE\JavaSoft\JRE...
Check:		SOFTWARE\JavaSoft\JRE\9.0.4
Check launcher:	C:\Program Files\Java\jre-9.0.4\bin\javaw.exe (OK)
Match:		1.009.000_004
64-bit search:	SOFTWARE\JavaSoft\JDK...
Check:		SOFTWARE\JavaSoft\JDK\9.0.4
Ignore:		1.009.000_004
Runtime used:	1.009.000_004 (64-bit)
Launcher:	C:\Program Files\Java\jre-9.0.4\bin\javaw.exe
Launcher args:	-jar "C:\Users\Windows\Desktop\instaCheck\instaCheck.exe" -u oxidoroom@wanadoo.fr -p InstaTest
Args length:	94/32768 chars
Exit code:	0


Version:	3.12
CmdLine:	C:\Users\Windows\Desktop\instaCheck\instaCheck.exe --l4j-debug
WOW64:		yes
Working dir:	C:\Users\Windows\Desktop\instaCheck\.
Java min ver:	1.008.000
Java max ver:	
64-bit search:	SOFTWARE\JavaSoft\Java Runtime Environment...
Check:		SOFTWARE\JavaSoft\Java Runtime Environment\1.6
Ignore:		1.006.000
Check:		SOFTWARE\JavaSoft\Java Runtime Environment\1.6.0_45
Ignore:		1.006.000_045
Check:		SOFTWARE\JavaSoft\Java Runtime Environment\1.8
Check launcher:	C:\Program Files\Java\jdk1.8.0_202\Nouveau dossier\bin\javaw.exe (not found)
Ignore:		1.008.000
Check:		SOFTWARE\JavaSoft\Java Runtime Environment\1.8.0_171
Check launcher:	C:\Program Files\Java\jre1.8.0_171\bin\javaw.exe (OK)
Match:		1.008.000_171
Check:		SOFTWARE\JavaSoft\Java Runtime Environment\1.8.0_202
Check launcher:	C:\Program Files\Java\jdk1.8.0_202\Nouveau dossier\bin\javaw.exe (not found)
Ignore:		1.008.000_202
64-bit search:	SOFTWARE\JavaSoft\Java Development Kit...
Check:		SOFTWARE\JavaSoft\Java Development Kit\1.6
Ignore:		1.006.000
Check:		SOFTWARE\JavaSoft\Java Development Kit\1.6.0_45
Ignore:		1.006.000_045
Check:		SOFTWARE\JavaSoft\Java Development Kit\1.8
Ignore:		1.008.000
Check:		SOFTWARE\JavaSoft\Java Development Kit\1.8.0_171
Ignore:		1.008.000_171
Check:		SOFTWARE\JavaSoft\Java Development Kit\1.8.0_202
Check launcher:	C:\Program Files\Java\jdk1.8.0_202\bin\javaw.exe (OK)
Match:		1.008.000_202
64-bit search:	SOFTWARE\JavaSoft\JRE...
Check:		SOFTWARE\JavaSoft\JRE\9.0.4
Check launcher:	C:\Program Files\Java\jre-9.0.4\bin\javaw.exe (OK)
Match:		1.009.000_004
64-bit search:	SOFTWARE\JavaSoft\JDK...
Check:		SOFTWARE\JavaSoft\JDK\9.0.4
Ignore:		1.009.000_004
Runtime used:	1.009.000_004 (64-bit)
Launcher:	C:\Program Files\Java\jre-9.0.4\bin\javaw.exe
Launcher args:	-jar "C:\Users\Windows\Desktop\instaCheck\instaCheck.exe" -u oxidoroom@wanadoo.fr -p InstaTest
Args length:	94/32768 chars
Exit code:	0


Version:	3.12
CmdLine:	C:\Users\Windows\Desktop\instaCheck\instaCheck.exe --l4j-debug
WOW64:		yes
Working dir:	C:\Users\Windows\Desktop\instaCheck\.
Java min ver:	1.008.000
Java max ver:	
64-bit search:	SOFTWARE\JavaSoft\Java Runtime Environment...
Check:		SOFTWARE\JavaSoft\Java Runtime Environment\1.6
Ignore:		1.006.000
Check:		SOFTWARE\JavaSoft\Java Runtime Environment\1.6.0_45
Ignore:		1.006.000_045
Check:		SOFTWARE\JavaSoft\Java Runtime Environment\1.8
Check launcher:	C:\Program Files\Java\jdk1.8.0_202\Nouveau dossier\bin\javaw.exe (not found)
Ignore:		1.008.000
Check:		SOFTWARE\JavaSoft\Java Runtime Environment\1.8.0_171
Check launcher:	C:\Program Files\Java\jre1.8.0_171\bin\javaw.exe (OK)
Match:		1.008.000_171
Check:		SOFTWARE\JavaSoft\Java Runtime Environment\1.8.0_202
Check launcher:	C:\Program Files\Java\jdk1.8.0_202\Nouveau dossier\bin\javaw.exe (not found)
Ignore:		1.008.000_202
64-bit search:	SOFTWARE\JavaSoft\Java Development Kit...
Check:		SOFTWARE\JavaSoft\Java Development Kit\1.6
Ignore:		1.006.000
Check:		SOFTWARE\JavaSoft\Java Development Kit\1.6.0_45
Ignore:		1.006.000_045
Check:		SOFTWARE\JavaSoft\Java Development Kit\1.8
Ignore:		1.008.000
Check:		SOFTWARE\JavaSoft\Java Development Kit\1.8.0_171
Ignore:		1.008.000_171
Check:		SOFTWARE\JavaSoft\Java Development Kit\1.8.0_202
Check launcher:	C:\Program Files\Java\jdk1.8.0_202\bin\javaw.exe (OK)
Match:		1.008.000_202
64-bit search:	SOFTWARE\JavaSoft\JRE...
Check:		SOFTWARE\JavaSoft\JRE\9.0.4
Check launcher:	C:\Program Files\Java\jre-9.0.4\bin\javaw.exe (OK)
Match:		1.009.000_004
64-bit search:	SOFTWARE\JavaSoft\JDK...
Check:		SOFTWARE\JavaSoft\JDK\9.0.4
Ignore:		1.009.000_004
Runtime used:	1.009.000_004 (64-bit)
Launcher:	C:\Program Files\Java\jre-9.0.4\bin\javaw.exe
Launcher args:	-jar "C:\Users\Windows\Desktop\instaCheck\instaCheck.exe"
Args length:	57/32768 chars
Exit code:	0
